<?xml version="1.0" encoding="UTF-8"?>
<testng-results ignored="0" total="0" passed="0" failed="0" skipped="0">
  <reporter-output>
  </reporter-output>
  <suite started-at="2022-05-02T18:51:31 SGT" name="Suite" finished-at="2022-05-02T18:51:32 SGT" duration-ms="271">
    <groups>
    </groups>
    <test started-at="2022-05-02T18:51:31 SGT" name="Funtional Test-Google" finished-at="2022-05-02T18:51:32 SGT" duration-ms="271">
    </test> <!-- Funtional Test-Google -->
  </suite> <!-- Suite -->
</testng-results>
